Performing C++ SOURCE FILE Test CMAKE_HAVE_LIBC_PTHREAD failed with the following output:
Change Dir: /home/pi/Documents/blind-nav-system/CMakeFiles/CMakeTmp

Run Build Command(s):/usr/bin/gmake cmTC_d6acf/fast && /usr/bin/gmake  -f CMakeFiles/cmTC_d6acf.dir/build.make CMakeFiles/cmTC_d6acf.dir/build
gmake[1]: Entering directory '/home/pi/Documents/blind-nav-system/CMakeFiles/CMakeTmp'
Building CXX object CMakeFiles/cmTC_d6acf.dir/src.cxx.o
/usr/bin/c++   -DCMAKE_HAVE_LIBC_PTHREAD -std=gnu++11 -o CMakeFiles/cmTC_d6acf.dir/src.cxx.o -c /home/pi/Documents/blind-nav-system/CMakeFiles/CMakeTmp/src.cxx
Linking CXX executable cmTC_d6acf
/usr/bin/cmake -E cmake_link_script CMakeFiles/cmTC_d6acf.dir/link.txt --verbose=1
/usr/bin/c++  -DCMAKE_HAVE_LIBC_PTHREAD CMakeFiles/cmTC_d6acf.dir/src.cxx.o -o cmTC_d6acf 
/usr/bin/ld: CMakeFiles/cmTC_d6acf.dir/src.cxx.o: in function `main':
src.cxx:(.text+0x40): undefined reference to `pthread_create'
/usr/bin/ld: src.cxx:(.text+0x4c): undefined reference to `pthread_detach'
/usr/bin/ld: src.cxx:(.text+0x58): undefined reference to `pthread_cancel'
/usr/bin/ld: src.cxx:(.text+0x68): undefined reference to `pthread_join'
collect2: error: ld returned 1 exit status
gmake[1]: *** [CMakeFiles/cmTC_d6acf.dir/build.make:106: cmTC_d6acf] Error 1
gmake[1]: Leaving directory '/home/pi/Documents/blind-nav-system/CMakeFiles/CMakeTmp'
gmake: *** [Makefile:140: cmTC_d6acf/fast] Error 2


Source file was:
#include <pthread.h>

void* test_func(void* data)
{
  return data;
}

int main(void)
{
  pthread_t thread;
  pthread_create(&thread, NULL, test_func, NULL);
  pthread_detach(thread);
  pthread_cancel(thread);
  pthread_join(thread, NULL);
  pthread_atfork(NULL, NULL, NULL);
  pthread_exit(NULL);

  return 0;
}

Determining if the function pthread_create exists in the pthreads failed with the following output:
Change Dir: /home/pi/Documents/blind-nav-system/CMakeFiles/CMakeTmp

Run Build Command(s):/usr/bin/gmake cmTC_3dcac/fast && /usr/bin/gmake  -f CMakeFiles/cmTC_3dcac.dir/build.make CMakeFiles/cmTC_3dcac.dir/build
gmake[1]: Entering directory '/home/pi/Documents/blind-nav-system/CMakeFiles/CMakeTmp'
Building CXX object CMakeFiles/cmTC_3dcac.dir/CheckFunctionExists.cxx.o
/usr/bin/c++   -DCHECK_FUNCTION_EXISTS=pthread_create -std=gnu++11 -o CMakeFiles/cmTC_3dcac.dir/CheckFunctionExists.cxx.o -c /home/pi/Documents/blind-nav-system/CMakeFiles/CheckLibraryExists/CheckFunctionExists.cxx
Linking CXX executable cmTC_3dcac
/usr/bin/cmake -E cmake_link_script CMakeFiles/cmTC_3dcac.dir/link.txt --verbose=1
/usr/bin/c++  -DCHECK_FUNCTION_EXISTS=pthread_create CMakeFiles/cmTC_3dcac.dir/CheckFunctionExists.cxx.o -o cmTC_3dcac  -lpthreads 
/usr/bin/ld: cannot find -lpthreads
collect2: error: ld returned 1 exit status
gmake[1]: *** [CMakeFiles/cmTC_3dcac.dir/build.make:106: cmTC_3dcac] Error 1
gmake[1]: Leaving directory '/home/pi/Documents/blind-nav-system/CMakeFiles/CMakeTmp'
gmake: *** [Makefile:140: cmTC_3dcac/fast] Error 2



